<?xml version="1.0" encoding="UTF-8"?>
<testng-results skipped="0" failed="0" ignored="0" total="1" passed="1">
  <reporter-output>
  </reporter-output>
  <suite name="Default suite" duration-ms="15106" started-at="2021-11-17T09:19:05 IST" finished-at="2021-11-17T09:19:20 IST">
    <groups>
    </groups>
    <test name="Default test" duration-ms="15106" started-at="2021-11-17T09:19:05 IST" finished-at="2021-11-17T09:19:20 IST">
      <class name="org.tek.APIAutomation.WeatherAPIUsingGetRequest">
        <test-method status="PASS" signature="getStatusCode()[pri:0, instance:org.tek.APIAutomation.WeatherAPIUsingGetRequest@1573f9fc]" name="getStatusCode" duration-ms="14975" started-at="2021-11-17T09:19:05 IST" finished-at="2021-11-17T09:19:20 IST">
          <reporter-output>
          </reporter-output>
        </test-method> <!-- getStatusCode -->
      </class> <!-- org.tek.APIAutomation.WeatherAPIUsingGetRequest -->
    </test> <!-- Default test -->
  </suite> <!-- Default suite -->
</testng-results>
